c:\users\elad\desktop\audiomirror\audiomirror\x64\release\vc142.pdb
c:\users\elad\desktop\audiomirror\audiomirror\x64\release\subdevicehelper.obj
c:\users\elad\desktop\audiomirror\audiomirror\x64\release\subdevicecache.obj
c:\users\elad\desktop\audiomirror\audiomirror\x64\release\ringbuffer.obj
c:\users\elad\desktop\audiomirror\audiomirror\x64\release\registryhelper.obj
c:\users\elad\desktop\audiomirror\audiomirror\x64\release\newdelete.obj
c:\users\elad\desktop\audiomirror\audiomirror\x64\release\miniportwavertstreamaudioenginenode.obj
c:\users\elad\desktop\audiomirror\audiomirror\x64\release\miniportwavertstream.obj
c:\users\elad\desktop\audiomirror\audiomirror\x64\release\miniportwavert.obj
c:\users\elad\desktop\audiomirror\audiomirror\x64\release\miniporttopology.obj
c:\users\elad\desktop\audiomirror\audiomirror\x64\release\minipairdescriptorfactory.obj
c:\users\elad\desktop\audiomirror\audiomirror\x64\release\kshelper.obj
c:\users\elad\desktop\audiomirror\audiomirror\x64\release\driver.obj
c:\users\elad\desktop\audiomirror\audiomirror\x64\release\adaptercommon.obj
c:\users\elad\desktop\audiomirror\audiomirror\x64\release\audiomirror.inf
c:\users\elad\desktop\audiomirror\x64\release\audiomirror.inf
c:\users\elad\desktop\audiomirror\x64\release\audiomirror.pdb
c:\users\elad\desktop\audiomirror\audiomirror\x64\release\audiomirror.tlog\cl.command.1.tlog
c:\users\elad\desktop\audiomirror\audiomirror\x64\release\audiomirror.tlog\cl.read.1.tlog
c:\users\elad\desktop\audiomirror\audiomirror\x64\release\audiomirror.tlog\cl.write.1.tlog
c:\users\elad\desktop\audiomirror\audiomirror\x64\release\audiomirror.tlog\link.command.1.tlog
c:\users\elad\desktop\audiomirror\audiomirror\x64\release\audiomirror.tlog\link.read.1.tlog
c:\users\elad\desktop\audiomirror\audiomirror\x64\release\audiomirror.tlog\link.write.1.tlog
c:\users\elad\desktop\audiomirror\audiomirror\x64\release\audiomirror.tlog\stampinf.command.1.tlog
c:\users\elad\desktop\audiomirror\audiomirror\x64\release\audiomirror.tlog\stampinf.read.1.tlog
c:\users\elad\desktop\audiomirror\audiomirror\x64\release\audiomirror.tlog\stampinf.write.1.tlog
