c:\users\elad\desktop\audiomirror\audiomirror\debug\vc142.pdb
c:\users\elad\desktop\audiomirror\audiomirror\debug\subdevicehelper.obj
c:\users\elad\desktop\audiomirror\audiomirror\debug\subdevicecache.obj
c:\users\elad\desktop\audiomirror\audiomirror\debug\ringbuffer.obj
c:\users\elad\desktop\audiomirror\audiomirror\debug\registryhelper.obj
c:\users\elad\desktop\audiomirror\audiomirror\debug\newdelete.obj
c:\users\elad\desktop\audiomirror\audiomirror\debug\miniportwavertstreamaudioenginenode.obj
c:\users\elad\desktop\audiomirror\audiomirror\debug\miniportwavertstream.obj
c:\users\elad\desktop\audiomirror\audiomirror\debug\miniportwavert.obj
c:\users\elad\desktop\audiomirror\audiomirror\debug\miniporttopology.obj
c:\users\elad\desktop\audiomirror\audiomirror\debug\minipairdescriptorfactory.obj
c:\users\elad\desktop\audiomirror\audiomirror\debug\kshelper.obj
c:\users\elad\desktop\audiomirror\audiomirror\debug\driver.obj
c:\users\elad\desktop\audiomirror\audiomirror\debug\adaptercommon.obj
c:\users\elad\desktop\audiomirror\audiomirror\debug\audiomirror.inf
c:\users\elad\desktop\audiomirror\debug\audiomirror.inf
c:\users\elad\desktop\audiomirror\debug\audiomirror.pdb
c:\users\elad\desktop\audiomirror\audiomirror\debug\audiomirror.tlog\cl.command.1.tlog
c:\users\elad\desktop\audiomirror\audiomirror\debug\audiomirror.tlog\cl.read.1.tlog
c:\users\elad\desktop\audiomirror\audiomirror\debug\audiomirror.tlog\cl.write.1.tlog
c:\users\elad\desktop\audiomirror\audiomirror\debug\audiomirror.tlog\link.command.1.tlog
c:\users\elad\desktop\audiomirror\audiomirror\debug\audiomirror.tlog\link.read.1.tlog
c:\users\elad\desktop\audiomirror\audiomirror\debug\audiomirror.tlog\link.write.1.tlog
c:\users\elad\desktop\audiomirror\audiomirror\debug\audiomirror.tlog\stampinf.command.1.tlog
c:\users\elad\desktop\audiomirror\audiomirror\debug\audiomirror.tlog\stampinf.read.1.tlog
c:\users\elad\desktop\audiomirror\audiomirror\debug\audiomirror.tlog\stampinf.write.1.tlog
