  Building 'AudioMirror' with toolset 'WindowsKernelModeDriver10.0' and the 'Universal' target platform.
  Stamping ARM\Debug\AudioMirror.inf
  Stamping [Version] section with DriverVer=05/17/2022,18.39.39.714
C:\Users\Elad\Desktop\AudioMirror\AudioMirror\AudioMirror.inf(5-5): warning 1324: [Version] section should specify PnpLockdown=1.
  RingBuffer.cpp
C : \program files (x86)\windows kits\10\include\10.0.19041.0\km\stdunk.h warning : operator new and operator delete will be removed soon
C:\Users\Elad\Desktop\AudioMirror\AudioMirror\RingBuffer.cpp(153,10): error C2220: the following warning is treated as an error
C:\Users\Elad\Desktop\AudioMirror\AudioMirror\RingBuffer.cpp(153,10): warning C4244: '=': conversion from 'ULONGLONG' to 'SIZE_T', possible loss of data
C:\Users\Elad\Desktop\AudioMirror\AudioMirror\RingBuffer.cpp(186,9): warning C4244: 'return': conversion from 'ULONGLONG' to 'SIZE_T', possible loss of data

Project Performance Summary:
      677 ms  C:\Users\Elad\Desktop\AudioMirror\AudioMirror\AudioMirror.vcxproj   1 calls
                677 ms  Build                                      1 calls

Target Performance Summary:
        0 ms  BuildGenerateSourcesTraverse               1 calls
        0 ms  AfterResolveReferences                     1 calls
        0 ms  ImplicitlyExpandDesignTimeFacades          1 calls
        0 ms  ResolveReferences                          1 calls
        0 ms  RunWpp                                     1 calls
        0 ms  SelectClCompile                            1 calls
        0 ms  BeforeBuildGenerateSources                 1 calls
        0 ms  BuildCompileTraverse                       1 calls
        0 ms  BuildGenerateSources                       1 calls
        0 ms  PreBuildEvent                              1 calls
        0 ms  Telemetry                                  1 calls
        0 ms  _SelectedFiles                             1 calls
        0 ms  SelectCustomBuild                          1 calls
        0 ms  _BuildGenerateSourcesAction                1 calls
        0 ms  CustomBuild                                1 calls
        0 ms  AfterBuildGenerateSourcesEvent             1 calls
        0 ms  _Xsd                                       1 calls
        0 ms  MakeDirsForMidl                            1 calls
        0 ms  ComputeMIDLGeneratedCompileInputs          1 calls
        0 ms  AfterMidl                                  1 calls
        0 ms  ResolveAssemblyReferences                  1 calls
        0 ms  _Midl                                      1 calls
        0 ms  ExpandSDKReferences                        1 calls
        0 ms  GetFrameworkPaths                          1 calls
        0 ms  SetTelemetryEnvironmentVariables           1 calls
        0 ms  FixupCLCompileOptions                      1 calls
        0 ms  _PrepareForReferenceResolution             1 calls
        0 ms  BeforeResolveReferences                    1 calls
        0 ms  _SplitProjectReferencesByFileExistence     1 calls
        0 ms  PrepareProjectReferences                   1 calls
        0 ms  ResolveProjectReferences                   1 calls
        0 ms  ResolveSDKReferences                       1 calls
        0 ms  GetReferenceAssemblyPaths                  1 calls
        0 ms  AfterBuildGenerateSources                  1 calls
        0 ms  GetResolvedWinMD                           1 calls
        0 ms  _CheckWindowsSDKInstalled                  1 calls
        0 ms  SetCABuildNativeEnvironmentVariables       1 calls
        0 ms  ValidateNTTargetVersion                    1 calls
        0 ms  ComputeCLInputPDBName                      1 calls
        0 ms  DriverBuildNotifications                   1 calls
        0 ms  BeforeClCompile                            1 calls
        0 ms  SetDriverVariables                         1 calls
        0 ms  AssignProjectConfiguration                 1 calls
        0 ms  SetBuildDefaultEnvironmentVariables        1 calls
        1 ms  _GetProjectReferenceTargetFrameworkProperties   1 calls
        1 ms  _HandlePackageFileConflicts                1 calls
        1 ms  _CheckForInvalidConfigurationAndPlatform   1 calls
        1 ms  _PrepareForBuild                           1 calls
        1 ms  ComputeReferenceCLInput                    1 calls
        1 ms  ComputeCustomBuildOutput                   1 calls
        1 ms  WarnCompileDuplicatedFilename              1 calls
        1 ms  MakeDirsForCl                              1 calls
        1 ms  CopyFileToFolders                          1 calls
        1 ms  ValidateDriverProperties                   1 calls
        1 ms  InitializeBuildStatus                      1 calls
        3 ms  AddWppClDefinitions                        1 calls
        3 ms  PrepareForBuild                            1 calls
        5 ms  InfVerif                                   1 calls
       66 ms  StampInf                                   1 calls
      587 ms  ClCompile                                  1 calls

Task Performance Summary:
        0 ms  Message                                    4 calls
        0 ms  ValidateNTTargetVersion                    1 calls
        0 ms  MakeDir                                    5 calls
        0 ms  CheckVCToolsetVersion                      1 calls
        0 ms  GetOutOfDateItems                          3 calls
        0 ms  WriteLinesToFile                           1 calls
        0 ms  Touch                                      1 calls
        0 ms  Telemetry                                  1 calls
        0 ms  AssignProjectConfiguration                 1 calls
        0 ms  SetEnv                                    10 calls
        1 ms  MSBuild                                    1 calls
        1 ms  ResolvePackageFileConflicts                1 calls
        1 ms  ReadLinesFromFile                          1 calls
        2 ms  Copy                                       1 calls
        5 ms  DPVerifierTask                             1 calls
       61 ms  StampInf                                   1 calls
      586 ms  CL                                         1 calls
